# JRE version: OpenJDK Runtime Environment Temurin-17.0.13+11 (17.0.13+11) (build 17.0.13+11)
# Java VM: OpenJDK 64-Bit Server VM Temurin-17.0.13+11 (17.0.13+11, mixed mode, sharing, tiered, compressed oops, compressed class ptrs, g1 gc, windows-amd64)
GC Precious Log:
 CPUs: 6 total, 6 available
 Memory: 16335M
 Large Page Support: Disabled
 NUMA Support: Disabled
 Compressed Oops: Enabled (Zero based)
 Heap Region Size: 2M
 Heap Min Capacity: 8M
 Heap Initial Capacity: 256M
 Heap Max Capacity: 4084M
 Pre-touch: Disabled
 Parallel Workers: 6
 Concurrent Workers: 2
 Concurrent Refinement Workers: 6
 Periodic GC: Disabled
Heap:
 garbage-first heap   total 673792K, used 251904K [0x0000000700c00000, 0x0000000800000000)
  region size 2048K, 10 young (20480K), 10 survivors (20480K)
 Metaspace       used 55786K, committed 56640K, reserved 1114112K
  class space    used 7404K, committed 7808K, reserved 1048576K
GC Heap History (20 events):
Event: 19.699 GC heap after
{Heap after GC invocations=36 (full 0):
 garbage-first heap   total 335872K, used 82045K [0x0000000700c00000, 0x0000000800000000)
  region size 2048K, 2 young (4096K), 2 survivors (4096K)
 Metaspace       used 50445K, committed 50944K, reserved 1114112K
  class space    used 6599K, committed 6848K, reserved 1048576K
}
Event: 20.218 GC heap before
{Heap before GC invocations=36 (full 0):
 garbage-first heap   total 335872K, used 247933K [0x0000000700c00000, 0x0000000800000000)
  region size 2048K, 83 young (169984K), 2 survivors (4096K)
 Metaspace       used 52657K, committed 53248K, reserved 1114112K
  class space    used 7048K, committed 7296K, reserved 1048576K
}
Event: 20.230 GC heap after
{Heap after GC invocations=37 (full 0):
 garbage-first heap   total 335872K, used 115228K [0x0000000700c00000, 0x0000000800000000)
  region size 2048K, 11 young (22528K), 11 survivors (22528K)
 Metaspace       used 52657K, committed 53248K, reserved 1114112K
  class space    used 7048K, committed 7296K, reserved 1048576K
}
Event: 20.496 GC heap before
{Heap before GC invocations=37 (full 0):
 garbage-first heap   total 335872K, used 234012K [0x0000000700c00000, 0x0000000800000000)
  region size 2048K, 69 young (141312K), 11 survivors (22528K)
 Metaspace       used 52863K, committed 53440K, reserved 1114112K
  class space    used 7065K, committed 7360K, reserved 1048576K
}
Event: 20.507 GC heap after
{Heap after GC invocations=38 (full 0):
 garbage-first heap   total 335872K, used 126391K [0x0000000700c00000, 0x0000000800000000)
  region size 2048K, 6 young (12288K), 6 survivors (12288K)
 Metaspace       used 52863K, committed 53440K, reserved 1114112K
  class space    used 7065K, committed 7360K, reserved 1048576K
}
Event: 20.816 GC heap before
{Heap before GC invocations=38 (full 0):
 garbage-first heap   total 335872K, used 243127K [0x0000000700c00000, 0x0000000800000000)
  region size 2048K, 63 young (129024K), 6 survivors (12288K)
 Metaspace       used 54116K, committed 54912K, reserved 1114112K
  class space    used 7230K, committed 7616K, reserved 1048576K
}
Event: 20.821 GC heap after
{Heap after GC invocations=39 (full 0):
 garbage-first heap   total 671744K, used 128648K [0x0000000700c00000, 0x0000000800000000)
  region size 2048K, 4 young (8192K), 4 survivors (8192K)
 Metaspace       used 54116K, committed 54912K, reserved 1114112K
  class space    used 7230K, committed 7616K, reserved 1048576K
}
Event: 24.269 GC heap before
{Heap before GC invocations=39 (full 0):
 garbage-first heap   total 671744K, used 519816K [0x0000000700c00000, 0x0000000800000000)
  region size 2048K, 196 young (401408K), 4 survivors (8192K)
 Metaspace       used 55153K, committed 55936K, reserved 1114112K
  class space    used 7363K, committed 7744K, reserved 1048576K
}
Event: 24.272 GC heap after
{Heap after GC invocations=40 (full 0):
 garbage-first heap   total 671744K, used 129594K [0x0000000700c00000, 0x0000000800000000)
  region size 2048K, 4 young (8192K), 4 survivors (8192K)
 Metaspace       used 55153K, committed 55936K, reserved 1114112K
  class space    used 7363K, committed 7744K, reserved 1048576K
}
Event: 25.232 GC heap before
{Heap before GC invocations=40 (full 0):
 garbage-first heap   total 671744K, used 543290K [0x0000000700c00000, 0x0000000800000000)
  region size 2048K, 196 young (401408K), 4 survivors (8192K)
 Metaspace       used 55763K, committed 56576K, reserved 1114112K
  class space    used 7403K, committed 7808K, reserved 1048576K
}
Event: 25.237 GC heap after
{Heap after GC invocations=41 (full 0):
 garbage-first heap   total 671744K, used 138471K [0x0000000700c00000, 0x0000000800000000)
  region size 2048K, 5 young (10240K), 5 survivors (10240K)
 Metaspace       used 55763K, committed 56576K, reserved 1114112K
  class space    used 7403K, committed 7808K, reserved 1048576K
}
Event: 25.310 GC heap before
{Heap before GC invocations=41 (full 0):
 garbage-first heap   total 671744K, used 529639K [0x0000000700c00000, 0x0000000800000000)
  region size 2048K, 196 young (401408K), 5 survivors (10240K)
 Metaspace       used 55763K, committed 56576K, reserved 1114112K
  class space    used 7403K, committed 7808K, reserved 1048576K
}
Event: 25.320 GC heap after
{Heap after GC invocations=42 (full 0):
 garbage-first heap   total 671744K, used 154164K [0x0000000700c00000, 0x0000000800000000)
  region size 2048K, 13 young (26624K), 13 survivors (26624K)
 Metaspace       used 55763K, committed 56576K, reserved 1114112K
  class space    used 7403K, committed 7808K, reserved 1048576K
}
Event: 25.388 GC heap before
{Heap before GC invocations=42 (full 0):
 garbage-first heap   total 671744K, used 528948K [0x0000000700c00000, 0x0000000800000000)
  region size 2048K, 196 young (401408K), 13 survivors (26624K)
 Metaspace       used 55763K, committed 56576K, reserved 1114112K
  class space    used 7403K, committed 7808K, reserved 1048576K
}
Event: 25.402 GC heap after
{Heap after GC invocations=43 (full 0):
 garbage-first heap   total 671744K, used 169191K [0x0000000700c00000, 0x0000000800000000)
  region size 2048K, 20 young (40960K), 20 survivors (40960K)
 Metaspace       used 55763K, committed 56576K, reserved 1114112K
  class space    used 7403K, committed 7808K, reserved 1048576K
}
Event: 25.848 GC heap before
{Heap before GC invocations=43 (full 0):
 garbage-first heap   total 671744K, used 574695K [0x0000000700c00000, 0x0000000800000000)
  region size 2048K, 196 young (401408K), 20 survivors (40960K)
 Metaspace       used 55779K, committed 56576K, reserved 1114112K
  class space    used 7404K, committed 7808K, reserved 1048576K
}
Event: 25.882 GC heap after
{Heap after GC invocations=44 (full 0):
 garbage-first heap   total 673792K, used 226330K [0x0000000700c00000, 0x0000000800000000)
  region size 2048K, 25 young (51200K), 25 survivors (51200K)
 Metaspace       used 55779K, committed 56576K, reserved 1114112K
  class space    used 7404K, committed 7808K, reserved 1048576K
}
Event: 26.023 GC heap before
{Heap before GC invocations=44 (full 0):
 garbage-first heap   total 673792K, used 533530K [0x0000000700c00000, 0x0000000800000000)
  region size 2048K, 175 young (358400K), 25 survivors (51200K)
 Metaspace       used 55779K, committed 56576K, reserved 1114112K
  class space    used 7404K, committed 7808K, reserved 1048576K
}
Event: 26.045 GC heap after
{Heap after GC invocations=45 (full 0):
 garbage-first heap   total 673792K, used 241664K [0x0000000700c00000, 0x0000000800000000)
  region size 2048K, 6 young (12288K), 6 survivors (12288K)
 Metaspace       used 55779K, committed 56576K, reserved 1114112K
  class space    used 7404K, committed 7808K, reserved 1048576K
}
Event: 26.416 GC heap before
{Heap before GC invocations=45 (full 0):
 garbage-first heap   total 673792K, used 546816K [0x0000000700c00000, 0x0000000800000000)
  region size 2048K, 154 young (315392K), 6 survivors (12288K)
 Metaspace       used 55786K, committed 56640K, reserved 1114112K
  class space    used 7404K, committed 7808K, reserved 1048576K
}

