# JRE version: OpenJDK Runtime Environment Temurin-17.0.13+11 (17.0.13+11) (build 17.0.13+11)
# Java VM: OpenJDK 64-Bit Server VM Temurin-17.0.13+11 (17.0.13+11, mixed mode, sharing, tiered, compressed oops, compressed class ptrs, g1 gc, windows-amd64)
GC Precious Log:
 CPUs: 6 total, 6 available
 Memory: 16335M
 Large Page Support: Disabled
 NUMA Support: Disabled
 Compressed Oops: Enabled (Zero based)
 Heap Region Size: 2M
 Heap Min Capacity: 8M
 Heap Initial Capacity: 256M
 Heap Max Capacity: 4084M
 Pre-touch: Disabled
 Parallel Workers: 6
 Concurrent Workers: 2
 Concurrent Refinement Workers: 6
 Periodic GC: Disabled
Heap:
 garbage-first heap   total 473088K, used 122731K [0x0000000700c00000, 0x0000000800000000)
  region size 2048K, 3 young (6144K), 3 survivors (6144K)
 Metaspace       used 54904K, committed 55680K, reserved 1114112K
  class space    used 7318K, committed 7744K, reserved 1048576K
GC Heap History (20 events):
Event: 18.708 GC heap after
{Heap after GC invocations=28 (full 0):
 garbage-first heap   total 161792K, used 44938K [0x0000000700c00000, 0x0000000800000000)
  region size 2048K, 1 young (2048K), 1 survivors (2048K)
 Metaspace       used 42381K, committed 42816K, reserved 1114112K
  class space    used 5155K, committed 5376K, reserved 1048576K
}
Event: 18.899 GC heap before
{Heap before GC invocations=29 (full 0):
 garbage-first heap   total 157696K, used 118666K [0x0000000700c00000, 0x0000000800000000)
  region size 2048K, 37 young (75776K), 1 survivors (2048K)
 Metaspace       used 43937K, committed 44480K, reserved 1114112K
  class space    used 5527K, committed 5760K, reserved 1048576K
}
Event: 18.918 GC heap after
{Heap after GC invocations=30 (full 0):
 garbage-first heap   total 157696K, used 68737K [0x0000000700c00000, 0x0000000800000000)
  region size 2048K, 5 young (10240K), 5 survivors (10240K)
 Metaspace       used 43937K, committed 44480K, reserved 1114112K
  class space    used 5527K, committed 5760K, reserved 1048576K
}
Event: 18.976 GC heap before
{Heap before GC invocations=30 (full 0):
 garbage-first heap   total 157696K, used 107649K [0x0000000700c00000, 0x0000000800000000)
  region size 2048K, 24 young (49152K), 5 survivors (10240K)
 Metaspace       used 44203K, committed 44736K, reserved 1114112K
  class space    used 5587K, committed 5824K, reserved 1048576K
}
Event: 18.990 GC heap after
{Heap after GC invocations=31 (full 0):
 garbage-first heap   total 157696K, used 77706K [0x0000000700c00000, 0x0000000800000000)
  region size 2048K, 3 young (6144K), 3 survivors (6144K)
 Metaspace       used 44203K, committed 44736K, reserved 1114112K
  class space    used 5587K, committed 5824K, reserved 1048576K
}
Event: 19.032 GC heap before
{Heap before GC invocations=31 (full 0):
 garbage-first heap   total 157696K, used 112522K [0x0000000700c00000, 0x0000000800000000)
  region size 2048K, 20 young (40960K), 3 survivors (6144K)
 Metaspace       used 44369K, committed 44864K, reserved 1114112K
  class space    used 5601K, committed 5824K, reserved 1048576K
}
Event: 19.040 GC heap after
{Heap after GC invocations=32 (full 0):
 garbage-first heap   total 157696K, used 81802K [0x0000000700c00000, 0x0000000800000000)
  region size 2048K, 2 young (4096K), 2 survivors (4096K)
 Metaspace       used 44369K, committed 44864K, reserved 1114112K
  class space    used 5601K, committed 5824K, reserved 1048576K
}
Event: 19.101 GC heap before
{Heap before GC invocations=33 (full 0):
 garbage-first heap   total 157696K, used 116618K [0x0000000700c00000, 0x0000000800000000)
  region size 2048K, 20 young (40960K), 2 survivors (4096K)
 Metaspace       used 44367K, committed 45056K, reserved 1114112K
  class space    used 5583K, committed 5888K, reserved 1048576K
}
Event: 19.106 GC heap after
{Heap after GC invocations=34 (full 0):
 garbage-first heap   total 157696K, used 83158K [0x0000000700c00000, 0x0000000800000000)
  region size 2048K, 3 young (6144K), 3 survivors (6144K)
 Metaspace       used 44367K, committed 45056K, reserved 1114112K
  class space    used 5583K, committed 5888K, reserved 1048576K
}
Event: 19.109 GC heap before
{Heap before GC invocations=34 (full 0):
 garbage-first heap   total 157696K, used 85206K [0x0000000700c00000, 0x0000000800000000)
  region size 2048K, 4 young (8192K), 3 survivors (6144K)
 Metaspace       used 44375K, committed 45056K, reserved 1114112K
  class space    used 5584K, committed 5888K, reserved 1048576K
}
Event: 19.114 GC heap after
{Heap after GC invocations=35 (full 0):
 garbage-first heap   total 157696K, used 70542K [0x0000000700c00000, 0x0000000800000000)
  region size 2048K, 1 young (2048K), 1 survivors (2048K)
 Metaspace       used 44375K, committed 45056K, reserved 1114112K
  class space    used 5584K, committed 5888K, reserved 1048576K
}
Event: 19.119 GC heap before
{Heap before GC invocations=35 (full 0):
 garbage-first heap   total 157696K, used 74638K [0x0000000700c00000, 0x0000000800000000)
  region size 2048K, 3 young (6144K), 1 survivors (2048K)
 Metaspace       used 44385K, committed 45056K, reserved 1114112K
  class space    used 5585K, committed 5888K, reserved 1048576K
}
Event: 19.124 GC heap after
{Heap after GC invocations=36 (full 0):
 garbage-first heap   total 473088K, used 65887K [0x0000000700c00000, 0x0000000800000000)
  region size 2048K, 1 young (2048K), 1 survivors (2048K)
 Metaspace       used 44385K, committed 45056K, reserved 1114112K
  class space    used 5585K, committed 5888K, reserved 1048576K
}
Event: 19.810 GC heap before
{Heap before GC invocations=36 (full 0):
 garbage-first heap   total 473088K, used 319839K [0x0000000700c00000, 0x0000000800000000)
  region size 2048K, 125 young (256000K), 1 survivors (2048K)
 Metaspace       used 50583K, committed 51200K, reserved 1114112K
  class space    used 6612K, committed 6912K, reserved 1048576K
}
Event: 19.826 GC heap after
{Heap after GC invocations=37 (full 0):
 garbage-first heap   total 473088K, used 88190K [0x0000000700c00000, 0x0000000800000000)
  region size 2048K, 12 young (24576K), 12 survivors (24576K)
 Metaspace       used 50583K, committed 51200K, reserved 1114112K
  class space    used 6612K, committed 6912K, reserved 1048576K
}
Event: 20.552 GC heap before
{Heap before GC invocations=37 (full 0):
 garbage-first heap   total 473088K, used 340094K [0x0000000700c00000, 0x0000000800000000)
  region size 2048K, 135 young (276480K), 12 survivors (24576K)
 Metaspace       used 52856K, committed 53440K, reserved 1114112K
  class space    used 7055K, committed 7296K, reserved 1048576K
}
Event: 20.573 GC heap after
{Heap after GC invocations=38 (full 0):
 garbage-first heap   total 473088K, used 121810K [0x0000000700c00000, 0x0000000800000000)
  region size 2048K, 17 young (34816K), 17 survivors (34816K)
 Metaspace       used 52856K, committed 53440K, reserved 1114112K
  class space    used 7055K, committed 7296K, reserved 1048576K
}
Event: 21.113 GC heap before
{Heap before GC invocations=38 (full 0):
 garbage-first heap   total 473088K, used 328658K [0x0000000700c00000, 0x0000000800000000)
  region size 2048K, 118 young (241664K), 17 survivors (34816K)
 Metaspace       used 54507K, committed 55296K, reserved 1114112K
  class space    used 7234K, committed 7616K, reserved 1048576K
}
Event: 21.123 GC heap after
{Heap after GC invocations=39 (full 0):
 garbage-first heap   total 473088K, used 124902K [0x0000000700c00000, 0x0000000800000000)
  region size 2048K, 4 young (8192K), 4 survivors (8192K)
 Metaspace       used 54507K, committed 55296K, reserved 1114112K
  class space    used 7234K, committed 7616K, reserved 1048576K
}
Event: 23.688 GC heap before
{Heap before GC invocations=39 (full 0):
 garbage-first heap   total 473088K, used 350182K [0x0000000700c00000, 0x0000000800000000)
  region size 2048K, 114 young (233472K), 4 survivors (8192K)
 Metaspace       used 54904K, committed 55680K, reserved 1114112K
  class space    used 7318K, committed 7744K, reserved 1048576K
}

